<?xml version="1.0" encoding="UTF-8"?>
<testsuite xmlns:xsi="http://www.w3.org/2001/XMLSchema-instance" xsi:noNamespaceSchemaLocation="https://maven.apache.org/surefire/maven-surefire-plugin/xsd/surefire-test-report-3.0.xsd" version="3.0" name="mat.study.store.product.ServiceProductApplicationTests" time="16.67" tests="1" errors="0" skipped="0" failures="0">
  <properties>
    <property name="java.specification.version" value="17"/>
    <property name="sun.cpu.isalist" value="amd64"/>
    <property name="sun.jnu.encoding" value="Cp1252"/>
    <property name="java.class.path" value="C:\Users\mtrujillo\OneDrive - ENDAVA\Documents\Study\service-product\target\test-classes;C:\Users\mtrujillo\OneDrive - ENDAVA\Documents\Study\service-product\target\classes;C:\Users\mtrujillo\.m2\repository\org\springframework\boot\spring-boot-starter-data-jpa\3.1.2\spring-boot-starter-data-jpa-3.1.2.jar;C:\Users\mtrujillo\.m2\repository\org\springframework\boot\spring-boot-starter-aop\3.1.2\spring-boot-starter-aop-3.1.2.jar;C:\Users\mtrujillo\.m2\repository\org\aspectj\aspectjweaver\1.9.19\aspectjweaver-1.9.19.jar;C:\Users\mtrujillo\.m2\repository\org\springframework\boot\spring-boot-starter-jdbc\3.1.2\spring-boot-starter-jdbc-3.1.2.jar;C:\Users\mtrujillo\.m2\repository\com\zaxxer\HikariCP\5.0.1\HikariCP-5.0.1.jar;C:\Users\mtrujillo\.m2\repository\org\springframework\spring-jdbc\6.0.11\spring-jdbc-6.0.11.jar;C:\Users\mtrujillo\.m2\repository\org\hibernate\orm\hibernate-core\6.2.6.Final\hibernate-core-6.2.6.Final.jar;C:\Users\mtrujillo\.m2\repository\jakarta\persistence\jakarta.persistence-api\3.1.0\jakarta.persistence-api-3.1.0.jar;C:\Users\mtrujillo\.m2\repository\jakarta\transaction\jakarta.transaction-api\2.0.1\jakarta.transaction-api-2.0.1.jar;C:\Users\mtrujillo\.m2\repository\org\hibernate\common\hibernate-commons-annotations\6.0.6.Final\hibernate-commons-annotations-6.0.6.Final.jar;C:\Users\mtrujillo\.m2\repository\io\smallrye\jandex\3.0.5\jandex-3.0.5.jar;C:\Users\mtrujillo\.m2\repository\net\bytebuddy\byte-buddy\1.14.5\byte-buddy-1.14.5.jar;C:\Users\mtrujillo\.m2\repository\org\glassfish\jaxb\jaxb-runtime\4.0.3\jaxb-runtime-4.0.3.jar;C:\Users\mtrujillo\.m2\repository\org\glassfish\jaxb\jaxb-core\4.0.3\jaxb-core-4.0.3.jar;C:\Users\mtrujillo\.m2\repository\org\eclipse\angus\angus-activation\2.0.1\angus-activation-2.0.1.jar;C:\Users\mtrujillo\.m2\repository\org\glassfish\jaxb\txw2\4.0.3\txw2-4.0.3.jar;C:\Users\mtrujillo\.m2\repository\com\sun\istack\istack-commons-runtime\4.1.2\istack-commons-runtime-4.1.2.jar;C:\Users\mtrujillo\.m2\repository\jakarta\inject\jakarta.inject-api\2.0.1\jakarta.inject-api-2.0.1.jar;C:\Users\mtrujillo\.m2\repository\org\antlr\antlr4-runtime\4.10.1\antlr4-runtime-4.10.1.jar;C:\Users\mtrujillo\.m2\repository\org\springframework\data\spring-data-jpa\3.1.2\spring-data-jpa-3.1.2.jar;C:\Users\mtrujillo\.m2\repository\org\springframework\data\spring-data-commons\3.1.2\spring-data-commons-3.1.2.jar;C:\Users\mtrujillo\.m2\repository\org\springframework\spring-orm\6.0.11\spring-orm-6.0.11.jar;C:\Users\mtrujillo\.m2\repository\org\springframework\spring-context\6.0.11\spring-context-6.0.11.jar;C:\Users\mtrujillo\.m2\repository\org\springframework\spring-tx\6.0.11\spring-tx-6.0.11.jar;C:\Users\mtrujillo\.m2\repository\org\springframework\spring-beans\6.0.11\spring-beans-6.0.11.jar;C:\Users\mtrujillo\.m2\repository\jakarta\annotation\jakarta.annotation-api\2.1.1\jakarta.annotation-api-2.1.1.jar;C:\Users\mtrujillo\.m2\repository\org\slf4j\slf4j-api\2.0.7\slf4j-api-2.0.7.jar;C:\Users\mtrujillo\.m2\repository\org\springframework\spring-aspects\6.0.11\spring-aspects-6.0.11.jar;C:\Users\mtrujillo\.m2\repository\org\springframework\boot\spring-boot-starter-web\3.1.2\spring-boot-starter-web-3.1.2.jar;C:\Users\mtrujillo\.m2\repository\org\springframework\boot\spring-boot-starter\3.1.2\spring-boot-starter-3.1.2.jar;C:\Users\mtrujillo\.m2\repository\org\springframework\boot\spring-boot\3.1.2\spring-boot-3.1.2.jar;C:\Users\mtrujillo\.m2\repository\org\springframework\boot\spring-boot-autoconfigure\3.1.2\spring-boot-autoconfigure-3.1.2.jar;C:\Users\mtrujillo\.m2\repository\org\springframework\boot\spring-boot-starter-logging\3.1.2\spring-boot-starter-logging-3.1.2.jar;C:\Users\mtrujillo\.m2\repository\ch\qos\logback\logback-classic\1.4.8\logback-classic-1.4.8.jar;C:\Users\mtrujillo\.m2\repository\ch\qos\logback\logback-core\1.4.8\logback-core-1.4.8.jar;C:\Users\mtrujillo\.m2\repository\org\apache\logging\log4j\log4j-to-slf4j\2.20.0\log4j-to-slf4j-2.20.0.jar;C:\Users\mtrujillo\.m2\repository\org\apache\logging\log4j\log4j-api\2.20.0\log4j-api-2.20.0.jar;C:\Users\mtrujillo\.m2\repository\org\slf4j\jul-to-slf4j\2.0.7\jul-to-slf4j-2.0.7.jar;C:\Users\mtrujillo\.m2\repository\org\yaml\snakeyaml\1.33\snakeyaml-1.33.jar;C:\Users\mtrujillo\.m2\repository\org\springframework\boot\spring-boot-starter-json\3.1.2\spring-boot-starter-json-3.1.2.jar;C:\Users\mtrujillo\.m2\repository\com\fasterxml\jackson\datatype\jackson-datatype-jdk8\2.15.2\jackson-datatype-jdk8-2.15.2.jar;C:\Users\mtrujillo\.m2\repository\com\fasterxml\jackson\datatype\jackson-datatype-jsr310\2.15.2\jackson-datatype-jsr310-2.15.2.jar;C:\Users\mtrujillo\.m2\repository\com\fasterxml\jackson\module\jackson-module-parameter-names\2.15.2\jackson-module-parameter-names-2.15.2.jar;C:\Users\mtrujillo\.m2\repository\org\springframework\boot\spring-boot-starter-tomcat\3.1.2\spring-boot-starter-tomcat-3.1.2.jar;C:\Users\mtrujillo\.m2\repository\org\apache\tomcat\embed\tomcat-embed-core\10.1.11\tomcat-embed-core-10.1.11.jar;C:\Users\mtrujillo\.m2\repository\org\apache\tomcat\embed\tomcat-embed-websocket\10.1.11\tomcat-embed-websocket-10.1.11.jar;C:\Users\mtrujillo\.m2\repository\org\springframework\spring-web\6.0.11\spring-web-6.0.11.jar;C:\Users\mtrujillo\.m2\repository\org\springframework\spring-webmvc\6.0.11\spring-webmvc-6.0.11.jar;C:\Users\mtrujillo\.m2\repository\org\springframework\spring-expression\6.0.11\spring-expression-6.0.11.jar;C:\Users\mtrujillo\.m2\repository\com\h2database\h2\2.1.214\h2-2.1.214.jar;C:\Users\mtrujillo\.m2\repository\org\springframework\boot\spring-boot-starter-test\3.1.2\spring-boot-starter-test-3.1.2.jar;C:\Users\mtrujillo\.m2\repository\org\springframework\boot\spring-boot-test\3.1.2\spring-boot-test-3.1.2.jar;C:\Users\mtrujillo\.m2\repository\org\springframework\boot\spring-boot-test-autoconfigure\3.1.2\spring-boot-test-autoconfigure-3.1.2.jar;C:\Users\mtrujillo\.m2\repository\com\jayway\jsonpath\json-path\2.8.0\json-path-2.8.0.jar;C:\Users\mtrujillo\.m2\repository\jakarta\xml\bind\jakarta.xml.bind-api\4.0.0\jakarta.xml.bind-api-4.0.0.jar;C:\Users\mtrujillo\.m2\repository\jakarta\activation\jakarta.activation-api\2.1.2\jakarta.activation-api-2.1.2.jar;C:\Users\mtrujillo\.m2\repository\net\minidev\json-smart\2.4.11\json-smart-2.4.11.jar;C:\Users\mtrujillo\.m2\repository\net\minidev\accessors-smart\2.4.11\accessors-smart-2.4.11.jar;C:\Users\mtrujillo\.m2\repository\org\ow2\asm\asm\9.3\asm-9.3.jar;C:\Users\mtrujillo\.m2\repository\org\assertj\assertj-core\3.24.2\assertj-core-3.24.2.jar;C:\Users\mtrujillo\.m2\repository\org\hamcrest\hamcrest\2.2\hamcrest-2.2.jar;C:\Users\mtrujillo\.m2\repository\org\junit\jupiter\junit-jupiter\5.9.3\junit-jupiter-5.9.3.jar;C:\Users\mtrujillo\.m2\repository\org\junit\jupiter\junit-jupiter-api\5.9.3\junit-jupiter-api-5.9.3.jar;C:\Users\mtrujillo\.m2\repository\org\opentest4j\opentest4j\1.2.0\opentest4j-1.2.0.jar;C:\Users\mtrujillo\.m2\repository\org\junit\platform\junit-platform-commons\1.9.3\junit-platform-commons-1.9.3.jar;C:\Users\mtrujillo\.m2\repository\org\apiguardian\apiguardian-api\1.1.2\apiguardian-api-1.1.2.jar;C:\Users\mtrujillo\.m2\repository\org\junit\jupiter\junit-jupiter-params\5.9.3\junit-jupiter-params-5.9.3.jar;C:\Users\mtrujillo\.m2\repository\org\junit\jupiter\junit-jupiter-engine\5.9.3\junit-jupiter-engine-5.9.3.jar;C:\Users\mtrujillo\.m2\repository\org\junit\platform\junit-platform-engine\1.9.3\junit-platform-engine-1.9.3.jar;C:\Users\mtrujillo\.m2\repository\org\mockito\mockito-core\5.3.1\mockito-core-5.3.1.jar;C:\Users\mtrujillo\.m2\repository\net\bytebuddy\byte-buddy-agent\1.14.5\byte-buddy-agent-1.14.5.jar;C:\Users\mtrujillo\.m2\repository\org\objenesis\objenesis\3.3\objenesis-3.3.jar;C:\Users\mtrujillo\.m2\repository\org\mockito\mockito-junit-jupiter\5.3.1\mockito-junit-jupiter-5.3.1.jar;C:\Users\mtrujillo\.m2\repository\org\skyscreamer\jsonassert\1.5.1\jsonassert-1.5.1.jar;C:\Users\mtrujillo\.m2\repository\com\vaadin\external\google\android-json\0.0.20131108.vaadin1\android-json-0.0.20131108.vaadin1.jar;C:\Users\mtrujillo\.m2\repository\org\springframework\spring-core\6.0.11\spring-core-6.0.11.jar;C:\Users\mtrujillo\.m2\repository\org\springframework\spring-jcl\6.0.11\spring-jcl-6.0.11.jar;C:\Users\mtrujillo\.m2\repository\org\springframework\spring-test\6.0.11\spring-test-6.0.11.jar;C:\Users\mtrujillo\.m2\repository\org\xmlunit\xmlunit-core\2.9.1\xmlunit-core-2.9.1.jar;C:\Users\mtrujillo\.m2\repository\org\springframework\boot\spring-boot-starter-validation\3.1.2\spring-boot-starter-validation-3.1.2.jar;C:\Users\mtrujillo\.m2\repository\org\apache\tomcat\embed\tomcat-embed-el\10.1.11\tomcat-embed-el-10.1.11.jar;C:\Users\mtrujillo\.m2\repository\org\springframework\boot\spring-boot-starter-cache\3.1.2\spring-boot-starter-cache-3.1.2.jar;C:\Users\mtrujillo\.m2\repository\org\springframework\spring-context-support\6.0.11\spring-context-support-6.0.11.jar;C:\Users\mtrujillo\.m2\repository\de\codecentric\spring-boot-admin-starter-client\3.1.5\spring-boot-admin-starter-client-3.1.5.jar;C:\Users\mtrujillo\.m2\repository\de\codecentric\spring-boot-admin-client\3.1.5\spring-boot-admin-client-3.1.5.jar;C:\Users\mtrujillo\.m2\repository\org\springframework\boot\spring-boot-starter-actuator\3.1.2\spring-boot-starter-actuator-3.1.2.jar;C:\Users\mtrujillo\.m2\repository\org\springframework\boot\spring-boot-actuator-autoconfigure\3.1.2\spring-boot-actuator-autoconfigure-3.1.2.jar;C:\Users\mtrujillo\.m2\repository\org\springframework\boot\spring-boot-actuator\3.1.2\spring-boot-actuator-3.1.2.jar;C:\Users\mtrujillo\.m2\repository\io\micrometer\micrometer-observation\1.11.2\micrometer-observation-1.11.2.jar;C:\Users\mtrujillo\.m2\repository\io\micrometer\micrometer-commons\1.11.2\micrometer-commons-1.11.2.jar;C:\Users\mtrujillo\.m2\repository\io\micrometer\micrometer-core\1.11.2\micrometer-core-1.11.2.jar;C:\Users\mtrujillo\.m2\repository\org\hdrhistogram\HdrHistogram\2.1.12\HdrHistogram-2.1.12.jar;C:\Users\mtrujillo\.m2\repository\org\latencyutils\LatencyUtils\2.0.3\LatencyUtils-2.0.3.jar;C:\Users\mtrujillo\.m2\repository\org\springframework\boot\spring-boot-starter-security\3.1.2\spring-boot-starter-security-3.1.2.jar;C:\Users\mtrujillo\.m2\repository\org\springframework\spring-aop\6.0.11\spring-aop-6.0.11.jar;C:\Users\mtrujillo\.m2\repository\org\springframework\security\spring-security-config\6.1.2\spring-security-config-6.1.2.jar;C:\Users\mtrujillo\.m2\repository\org\springframework\security\spring-security-core\6.1.2\spring-security-core-6.1.2.jar;C:\Users\mtrujillo\.m2\repository\org\springframework\security\spring-security-crypto\6.1.2\spring-security-crypto-6.1.2.jar;C:\Users\mtrujillo\.m2\repository\org\springframework\security\spring-security-web\6.1.2\spring-security-web-6.1.2.jar;C:\Users\mtrujillo\.m2\repository\io\jsonwebtoken\jjwt-api\0.11.5\jjwt-api-0.11.5.jar;C:\Users\mtrujillo\.m2\repository\io\jsonwebtoken\jjwt-impl\0.11.5\jjwt-impl-0.11.5.jar;C:\Users\mtrujillo\.m2\repository\io\jsonwebtoken\jjwt-jackson\0.11.5\jjwt-jackson-0.11.5.jar;C:\Users\mtrujillo\.m2\repository\com\fasterxml\jackson\core\jackson-databind\2.15.2\jackson-databind-2.15.2.jar;C:\Users\mtrujillo\.m2\repository\com\fasterxml\jackson\core\jackson-annotations\2.15.2\jackson-annotations-2.15.2.jar;C:\Users\mtrujillo\.m2\repository\com\fasterxml\jackson\core\jackson-core\2.15.2\jackson-core-2.15.2.jar;C:\Users\mtrujillo\.m2\repository\org\apache\commons\commons-lang3\3.12.0\commons-lang3-3.12.0.jar;C:\Users\mtrujillo\.m2\repository\org\projectlombok\lombok\1.18.28\lombok-1.18.28.jar;C:\Users\mtrujillo\.m2\repository\org\hibernate\validator\hibernate-validator\8.0.1.Final\hibernate-validator-8.0.1.Final.jar;C:\Users\mtrujillo\.m2\repository\jakarta\validation\jakarta.validation-api\3.0.2\jakarta.validation-api-3.0.2.jar;C:\Users\mtrujillo\.m2\repository\org\jboss\logging\jboss-logging\3.5.3.Final\jboss-logging-3.5.3.Final.jar;C:\Users\mtrujillo\.m2\repository\com\fasterxml\classmate\1.5.1\classmate-1.5.1.jar;C:\Users\mtrujillo\.m2\repository\org\springdoc\springdoc-openapi-starter-webmvc-ui\2.3.0\springdoc-openapi-starter-webmvc-ui-2.3.0.jar;C:\Users\mtrujillo\.m2\repository\org\springdoc\springdoc-openapi-starter-webmvc-api\2.3.0\springdoc-openapi-starter-webmvc-api-2.3.0.jar;C:\Users\mtrujillo\.m2\repository\org\springdoc\springdoc-openapi-starter-common\2.3.0\springdoc-openapi-starter-common-2.3.0.jar;C:\Users\mtrujillo\.m2\repository\io\swagger\core\v3\swagger-core-jakarta\2.2.19\swagger-core-jakarta-2.2.19.jar;C:\Users\mtrujillo\.m2\repository\io\swagger\core\v3\swagger-annotations-jakarta\2.2.19\swagger-annotations-jakarta-2.2.19.jar;C:\Users\mtrujillo\.m2\repository\io\swagger\core\v3\swagger-models-jakarta\2.2.19\swagger-models-jakarta-2.2.19.jar;C:\Users\mtrujillo\.m2\repository\com\fasterxml\jackson\dataformat\jackson-dataformat-yaml\2.15.2\jackson-dataformat-yaml-2.15.2.jar;C:\Users\mtrujillo\.m2\repository\org\webjars\swagger-ui\5.10.3\swagger-ui-5.10.3.jar;C:\Users\mtrujillo\.m2\repository\org\springframework\boot\spring-boot-starter-hateoas\2.6.4\spring-boot-starter-hateoas-2.6.4.jar;C:\Users\mtrujillo\.m2\repository\org\springframework\hateoas\spring-hateoas\2.1.2\spring-hateoas-2.1.2.jar;C:\Users\mtrujillo\.m2\repository\org\springframework\plugin\spring-plugin-core\3.0.0\spring-plugin-core-3.0.0.jar;"/>
    <property name="java.vm.vendor" value="Oracle Corporation"/>
    <property name="sun.arch.data.model" value="64"/>
    <property name="user.variant" value=""/>
    <property name="java.vendor.url" value="https://java.oracle.com/"/>
    <property name="user.timezone" value="America/Bogota"/>
    <property name="org.jboss.logging.provider" value="slf4j"/>
    <property name="os.name" value="Windows 11"/>
    <property name="java.vm.specification.version" value="17"/>
    <property name="sun.java.launcher" value="SUN_STANDARD"/>
    <property name="user.country" value="CO"/>
    <property name="sun.boot.library.path" value="C:\Program Files\Java\jdk-17\bin"/>
    <property name="sun.java.command" value="C:\Users\mtrujillo\AppData\Local\Temp\surefire13697927747669931368\surefirebooter-20240405155810290_3.jar C:\Users\mtrujillo\AppData\Local\Temp\surefire13697927747669931368 2024-04-05T15-58-10_074-jvmRun1 surefire-20240405155810290_1tmp surefire_0-20240405155810290_2tmp"/>
    <property name="jdk.debug" value="release"/>
    <property name="surefire.test.class.path" value="C:\Users\mtrujillo\OneDrive - ENDAVA\Documents\Study\service-product\target\test-classes;C:\Users\mtrujillo\OneDrive - ENDAVA\Documents\Study\service-product\target\classes;C:\Users\mtrujillo\.m2\repository\org\springframework\boot\spring-boot-starter-data-jpa\3.1.2\spring-boot-starter-data-jpa-3.1.2.jar;C:\Users\mtrujillo\.m2\repository\org\springframework\boot\spring-boot-starter-aop\3.1.2\spring-boot-starter-aop-3.1.2.jar;C:\Users\mtrujillo\.m2\repository\org\aspectj\aspectjweaver\1.9.19\aspectjweaver-1.9.19.jar;C:\Users\mtrujillo\.m2\repository\org\springframework\boot\spring-boot-starter-jdbc\3.1.2\spring-boot-starter-jdbc-3.1.2.jar;C:\Users\mtrujillo\.m2\repository\com\zaxxer\HikariCP\5.0.1\HikariCP-5.0.1.jar;C:\Users\mtrujillo\.m2\repository\org\springframework\spring-jdbc\6.0.11\spring-jdbc-6.0.11.jar;C:\Users\mtrujillo\.m2\repository\org\hibernate\orm\hibernate-core\6.2.6.Final\hibernate-core-6.2.6.Final.jar;C:\Users\mtrujillo\.m2\repository\jakarta\persistence\jakarta.persistence-api\3.1.0\jakarta.persistence-api-3.1.0.jar;C:\Users\mtrujillo\.m2\repository\jakarta\transaction\jakarta.transaction-api\2.0.1\jakarta.transaction-api-2.0.1.jar;C:\Users\mtrujillo\.m2\repository\org\hibernate\common\hibernate-commons-annotations\6.0.6.Final\hibernate-commons-annotations-6.0.6.Final.jar;C:\Users\mtrujillo\.m2\repository\io\smallrye\jandex\3.0.5\jandex-3.0.5.jar;C:\Users\mtrujillo\.m2\repository\net\bytebuddy\byte-buddy\1.14.5\byte-buddy-1.14.5.jar;C:\Users\mtrujillo\.m2\repository\org\glassfish\jaxb\jaxb-runtime\4.0.3\jaxb-runtime-4.0.3.jar;C:\Users\mtrujillo\.m2\repository\org\glassfish\jaxb\jaxb-core\4.0.3\jaxb-core-4.0.3.jar;C:\Users\mtrujillo\.m2\repository\org\eclipse\angus\angus-activation\2.0.1\angus-activation-2.0.1.jar;C:\Users\mtrujillo\.m2\repository\org\glassfish\jaxb\txw2\4.0.3\txw2-4.0.3.jar;C:\Users\mtrujillo\.m2\repository\com\sun\istack\istack-commons-runtime\4.1.2\istack-commons-runtime-4.1.2.jar;C:\Users\mtrujillo\.m2\repository\jakarta\inject\jakarta.inject-api\2.0.1\jakarta.inject-api-2.0.1.jar;C:\Users\mtrujillo\.m2\repository\org\antlr\antlr4-runtime\4.10.1\antlr4-runtime-4.10.1.jar;C:\Users\mtrujillo\.m2\repository\org\springframework\data\spring-data-jpa\3.1.2\spring-data-jpa-3.1.2.jar;C:\Users\mtrujillo\.m2\repository\org\springframework\data\spring-data-commons\3.1.2\spring-data-commons-3.1.2.jar;C:\Users\mtrujillo\.m2\repository\org\springframework\spring-orm\6.0.11\spring-orm-6.0.11.jar;C:\Users\mtrujillo\.m2\repository\org\springframework\spring-context\6.0.11\spring-context-6.0.11.jar;C:\Users\mtrujillo\.m2\repository\org\springframework\spring-tx\6.0.11\spring-tx-6.0.11.jar;C:\Users\mtrujillo\.m2\repository\org\springframework\spring-beans\6.0.11\spring-beans-6.0.11.jar;C:\Users\mtrujillo\.m2\repository\jakarta\annotation\jakarta.annotation-api\2.1.1\jakarta.annotation-api-2.1.1.jar;C:\Users\mtrujillo\.m2\repository\org\slf4j\slf4j-api\2.0.7\slf4j-api-2.0.7.jar;C:\Users\mtrujillo\.m2\repository\org\springframework\spring-aspects\6.0.11\spring-aspects-6.0.11.jar;C:\Users\mtrujillo\.m2\repository\org\springframework\boot\spring-boot-starter-web\3.1.2\spring-boot-starter-web-3.1.2.jar;C:\Users\mtrujillo\.m2\repository\org\springframework\boot\spring-boot-starter\3.1.2\spring-boot-starter-3.1.2.jar;C:\Users\mtrujillo\.m2\repository\org\springframework\boot\spring-boot\3.1.2\spring-boot-3.1.2.jar;C:\Users\mtrujillo\.m2\repository\org\springframework\boot\spring-boot-autoconfigure\3.1.2\spring-boot-autoconfigure-3.1.2.jar;C:\Users\mtrujillo\.m2\repository\org\springframework\boot\spring-boot-starter-logging\3.1.2\spring-boot-starter-logging-3.1.2.jar;C:\Users\mtrujillo\.m2\repository\ch\qos\logback\logback-classic\1.4.8\logback-classic-1.4.8.jar;C:\Users\mtrujillo\.m2\repository\ch\qos\logback\logback-core\1.4.8\logback-core-1.4.8.jar;C:\Users\mtrujillo\.m2\repository\org\apache\logging\log4j\log4j-to-slf4j\2.20.0\log4j-to-slf4j-2.20.0.jar;C:\Users\mtrujillo\.m2\repository\org\apache\logging\log4j\log4j-api\2.20.0\log4j-api-2.20.0.jar;C:\Users\mtrujillo\.m2\repository\org\slf4j\jul-to-slf4j\2.0.7\jul-to-slf4j-2.0.7.jar;C:\Users\mtrujillo\.m2\repository\org\yaml\snakeyaml\1.33\snakeyaml-1.33.jar;C:\Users\mtrujillo\.m2\repository\org\springframework\boot\spring-boot-starter-json\3.1.2\spring-boot-starter-json-3.1.2.jar;C:\Users\mtrujillo\.m2\repository\com\fasterxml\jackson\datatype\jackson-datatype-jdk8\2.15.2\jackson-datatype-jdk8-2.15.2.jar;C:\Users\mtrujillo\.m2\repository\com\fasterxml\jackson\datatype\jackson-datatype-jsr310\2.15.2\jackson-datatype-jsr310-2.15.2.jar;C:\Users\mtrujillo\.m2\repository\com\fasterxml\jackson\module\jackson-module-parameter-names\2.15.2\jackson-module-parameter-names-2.15.2.jar;C:\Users\mtrujillo\.m2\repository\org\springframework\boot\spring-boot-starter-tomcat\3.1.2\spring-boot-starter-tomcat-3.1.2.jar;C:\Users\mtrujillo\.m2\repository\org\apache\tomcat\embed\tomcat-embed-core\10.1.11\tomcat-embed-core-10.1.11.jar;C:\Users\mtrujillo\.m2\repository\org\apache\tomcat\embed\tomcat-embed-websocket\10.1.11\tomcat-embed-websocket-10.1.11.jar;C:\Users\mtrujillo\.m2\repository\org\springframework\spring-web\6.0.11\spring-web-6.0.11.jar;C:\Users\mtrujillo\.m2\repository\org\springframework\spring-webmvc\6.0.11\spring-webmvc-6.0.11.jar;C:\Users\mtrujillo\.m2\repository\org\springframework\spring-expression\6.0.11\spring-expression-6.0.11.jar;C:\Users\mtrujillo\.m2\repository\com\h2database\h2\2.1.214\h2-2.1.214.jar;C:\Users\mtrujillo\.m2\repository\org\springframework\boot\spring-boot-starter-test\3.1.2\spring-boot-starter-test-3.1.2.jar;C:\Users\mtrujillo\.m2\repository\org\springframework\boot\spring-boot-test\3.1.2\spring-boot-test-3.1.2.jar;C:\Users\mtrujillo\.m2\repository\org\springframework\boot\spring-boot-test-autoconfigure\3.1.2\spring-boot-test-autoconfigure-3.1.2.jar;C:\Users\mtrujillo\.m2\repository\com\jayway\jsonpath\json-path\2.8.0\json-path-2.8.0.jar;C:\Users\mtrujillo\.m2\repository\jakarta\xml\bind\jakarta.xml.bind-api\4.0.0\jakarta.xml.bind-api-4.0.0.jar;C:\Users\mtrujillo\.m2\repository\jakarta\activation\jakarta.activation-api\2.1.2\jakarta.activation-api-2.1.2.jar;C:\Users\mtrujillo\.m2\repository\net\minidev\json-smart\2.4.11\json-smart-2.4.11.jar;C:\Users\mtrujillo\.m2\repository\net\minidev\accessors-smart\2.4.11\accessors-smart-2.4.11.jar;C:\Users\mtrujillo\.m2\repository\org\ow2\asm\asm\9.3\asm-9.3.jar;C:\Users\mtrujillo\.m2\repository\org\assertj\assertj-core\3.24.2\assertj-core-3.24.2.jar;C:\Users\mtrujillo\.m2\repository\org\hamcrest\hamcrest\2.2\hamcrest-2.2.jar;C:\Users\mtrujillo\.m2\repository\org\junit\jupiter\junit-jupiter\5.9.3\junit-jupiter-5.9.3.jar;C:\Users\mtrujillo\.m2\repository\org\junit\jupiter\junit-jupiter-api\5.9.3\junit-jupiter-api-5.9.3.jar;C:\Users\mtrujillo\.m2\repository\org\opentest4j\opentest4j\1.2.0\opentest4j-1.2.0.jar;C:\Users\mtrujillo\.m2\repository\org\junit\platform\junit-platform-commons\1.9.3\junit-platform-commons-1.9.3.jar;C:\Users\mtrujillo\.m2\repository\org\apiguardian\apiguardian-api\1.1.2\apiguardian-api-1.1.2.jar;C:\Users\mtrujillo\.m2\repository\org\junit\jupiter\junit-jupiter-params\5.9.3\junit-jupiter-params-5.9.3.jar;C:\Users\mtrujillo\.m2\repository\org\junit\jupiter\junit-jupiter-engine\5.9.3\junit-jupiter-engine-5.9.3.jar;C:\Users\mtrujillo\.m2\repository\org\junit\platform\junit-platform-engine\1.9.3\junit-platform-engine-1.9.3.jar;C:\Users\mtrujillo\.m2\repository\org\mockito\mockito-core\5.3.1\mockito-core-5.3.1.jar;C:\Users\mtrujillo\.m2\repository\net\bytebuddy\byte-buddy-agent\1.14.5\byte-buddy-agent-1.14.5.jar;C:\Users\mtrujillo\.m2\repository\org\objenesis\objenesis\3.3\objenesis-3.3.jar;C:\Users\mtrujillo\.m2\repository\org\mockito\mockito-junit-jupiter\5.3.1\mockito-junit-jupiter-5.3.1.jar;C:\Users\mtrujillo\.m2\repository\org\skyscreamer\jsonassert\1.5.1\jsonassert-1.5.1.jar;C:\Users\mtrujillo\.m2\repository\com\vaadin\external\google\android-json\0.0.20131108.vaadin1\android-json-0.0.20131108.vaadin1.jar;C:\Users\mtrujillo\.m2\repository\org\springframework\spring-core\6.0.11\spring-core-6.0.11.jar;C:\Users\mtrujillo\.m2\repository\org\springframework\spring-jcl\6.0.11\spring-jcl-6.0.11.jar;C:\Users\mtrujillo\.m2\repository\org\springframework\spring-test\6.0.11\spring-test-6.0.11.jar;C:\Users\mtrujillo\.m2\repository\org\xmlunit\xmlunit-core\2.9.1\xmlunit-core-2.9.1.jar;C:\Users\mtrujillo\.m2\repository\org\springframework\boot\spring-boot-starter-validation\3.1.2\spring-boot-starter-validation-3.1.2.jar;C:\Users\mtrujillo\.m2\repository\org\apache\tomcat\embed\tomcat-embed-el\10.1.11\tomcat-embed-el-10.1.11.jar;C:\Users\mtrujillo\.m2\repository\org\springframework\boot\spring-boot-starter-cache\3.1.2\spring-boot-starter-cache-3.1.2.jar;C:\Users\mtrujillo\.m2\repository\org\springframework\spring-context-support\6.0.11\spring-context-support-6.0.11.jar;C:\Users\mtrujillo\.m2\repository\de\codecentric\spring-boot-admin-starter-client\3.1.5\spring-boot-admin-starter-client-3.1.5.jar;C:\Users\mtrujillo\.m2\repository\de\codecentric\spring-boot-admin-client\3.1.5\spring-boot-admin-client-3.1.5.jar;C:\Users\mtrujillo\.m2\repository\org\springframework\boot\spring-boot-starter-actuator\3.1.2\spring-boot-starter-actuator-3.1.2.jar;C:\Users\mtrujillo\.m2\repository\org\springframework\boot\spring-boot-actuator-autoconfigure\3.1.2\spring-boot-actuator-autoconfigure-3.1.2.jar;C:\Users\mtrujillo\.m2\repository\org\springframework\boot\spring-boot-actuator\3.1.2\spring-boot-actuator-3.1.2.jar;C:\Users\mtrujillo\.m2\repository\io\micrometer\micrometer-observation\1.11.2\micrometer-observation-1.11.2.jar;C:\Users\mtrujillo\.m2\repository\io\micrometer\micrometer-commons\1.11.2\micrometer-commons-1.11.2.jar;C:\Users\mtrujillo\.m2\repository\io\micrometer\micrometer-core\1.11.2\micrometer-core-1.11.2.jar;C:\Users\mtrujillo\.m2\repository\org\hdrhistogram\HdrHistogram\2.1.12\HdrHistogram-2.1.12.jar;C:\Users\mtrujillo\.m2\repository\org\latencyutils\LatencyUtils\2.0.3\LatencyUtils-2.0.3.jar;C:\Users\mtrujillo\.m2\repository\org\springframework\boot\spring-boot-starter-security\3.1.2\spring-boot-starter-security-3.1.2.jar;C:\Users\mtrujillo\.m2\repository\org\springframework\spring-aop\6.0.11\spring-aop-6.0.11.jar;C:\Users\mtrujillo\.m2\repository\org\springframework\security\spring-security-config\6.1.2\spring-security-config-6.1.2.jar;C:\Users\mtrujillo\.m2\repository\org\springframework\security\spring-security-core\6.1.2\spring-security-core-6.1.2.jar;C:\Users\mtrujillo\.m2\repository\org\springframework\security\spring-security-crypto\6.1.2\spring-security-crypto-6.1.2.jar;C:\Users\mtrujillo\.m2\repository\org\springframework\security\spring-security-web\6.1.2\spring-security-web-6.1.2.jar;C:\Users\mtrujillo\.m2\repository\io\jsonwebtoken\jjwt-api\0.11.5\jjwt-api-0.11.5.jar;C:\Users\mtrujillo\.m2\repository\io\jsonwebtoken\jjwt-impl\0.11.5\jjwt-impl-0.11.5.jar;C:\Users\mtrujillo\.m2\repository\io\jsonwebtoken\jjwt-jackson\0.11.5\jjwt-jackson-0.11.5.jar;C:\Users\mtrujillo\.m2\repository\com\fasterxml\jackson\core\jackson-databind\2.15.2\jackson-databind-2.15.2.jar;C:\Users\mtrujillo\.m2\repository\com\fasterxml\jackson\core\jackson-annotations\2.15.2\jackson-annotations-2.15.2.jar;C:\Users\mtrujillo\.m2\repository\com\fasterxml\jackson\core\jackson-core\2.15.2\jackson-core-2.15.2.jar;C:\Users\mtrujillo\.m2\repository\org\apache\commons\commons-lang3\3.12.0\commons-lang3-3.12.0.jar;C:\Users\mtrujillo\.m2\repository\org\projectlombok\lombok\1.18.28\lombok-1.18.28.jar;C:\Users\mtrujillo\.m2\repository\org\hibernate\validator\hibernate-validator\8.0.1.Final\hibernate-validator-8.0.1.Final.jar;C:\Users\mtrujillo\.m2\repository\jakarta\validation\jakarta.validation-api\3.0.2\jakarta.validation-api-3.0.2.jar;C:\Users\mtrujillo\.m2\repository\org\jboss\logging\jboss-logging\3.5.3.Final\jboss-logging-3.5.3.Final.jar;C:\Users\mtrujillo\.m2\repository\com\fasterxml\classmate\1.5.1\classmate-1.5.1.jar;C:\Users\mtrujillo\.m2\repository\org\springdoc\springdoc-openapi-starter-webmvc-ui\2.3.0\springdoc-openapi-starter-webmvc-ui-2.3.0.jar;C:\Users\mtrujillo\.m2\repository\org\springdoc\springdoc-openapi-starter-webmvc-api\2.3.0\springdoc-openapi-starter-webmvc-api-2.3.0.jar;C:\Users\mtrujillo\.m2\repository\org\springdoc\springdoc-openapi-starter-common\2.3.0\springdoc-openapi-starter-common-2.3.0.jar;C:\Users\mtrujillo\.m2\repository\io\swagger\core\v3\swagger-core-jakarta\2.2.19\swagger-core-jakarta-2.2.19.jar;C:\Users\mtrujillo\.m2\repository\io\swagger\core\v3\swagger-annotations-jakarta\2.2.19\swagger-annotations-jakarta-2.2.19.jar;C:\Users\mtrujillo\.m2\repository\io\swagger\core\v3\swagger-models-jakarta\2.2.19\swagger-models-jakarta-2.2.19.jar;C:\Users\mtrujillo\.m2\repository\com\fasterxml\jackson\dataformat\jackson-dataformat-yaml\2.15.2\jackson-dataformat-yaml-2.15.2.jar;C:\Users\mtrujillo\.m2\repository\org\webjars\swagger-ui\5.10.3\swagger-ui-5.10.3.jar;C:\Users\mtrujillo\.m2\repository\org\springframework\boot\spring-boot-starter-hateoas\2.6.4\spring-boot-starter-hateoas-2.6.4.jar;C:\Users\mtrujillo\.m2\repository\org\springframework\hateoas\spring-hateoas\2.1.2\spring-hateoas-2.1.2.jar;C:\Users\mtrujillo\.m2\repository\org\springframework\plugin\spring-plugin-core\3.0.0\spring-plugin-core-3.0.0.jar;"/>
    <property name="sun.cpu.endian" value="little"/>
    <property name="user.home" value="C:\Users\mtrujillo"/>
    <property name="user.language" value="es"/>
    <property name="java.specification.vendor" value="Oracle Corporation"/>
    <property name="java.version.date" value="2024-01-16"/>
    <property name="java.home" value="C:\Program Files\Java\jdk-17"/>
    <property name="file.separator" value="\"/>
    <property name="basedir" value="C:\Users\mtrujillo\OneDrive - ENDAVA\Documents\Study\service-product"/>
    <property name="java.vm.compressedOopsMode" value="Zero based"/>
    <property name="line.separator" value="&#10;"/>
    <property name="java.vm.specification.vendor" value="Oracle Corporation"/>
    <property name="java.specification.name" value="Java Platform API Specification"/>
    <property name="FILE_LOG_CHARSET" value="windows-1252"/>
    <property name="java.awt.headless" value="true"/>
    <property name="surefire.real.class.path" value="C:\Users\mtrujillo\AppData\Local\Temp\surefire13697927747669931368\surefirebooter-20240405155810290_3.jar"/>
    <property name="user.script" value=""/>
    <property name="sun.management.compiler" value="HotSpot 64-Bit Tiered Compilers"/>
    <property name="java.runtime.version" value="17.0.10+11-LTS-240"/>
    <property name="user.name" value="mtrujillo"/>
    <property name="path.separator" value=";"/>
    <property name="os.version" value="10.0"/>
    <property name="java.runtime.name" value="Java(TM) SE Runtime Environment"/>
    <property name="file.encoding" value="Cp1252"/>
    <property name="java.vm.name" value="Java HotSpot(TM) 64-Bit Server VM"/>
    <property name="localRepository" value="C:\Users\mtrujillo\.m2\repository"/>
    <property name="java.vendor.url.bug" value="https://bugreport.java.com/bugreport/"/>
    <property name="java.io.tmpdir" value="C:\Users\MTRUJI~1\AppData\Local\Temp\"/>
    <property name="idea.version" value="2021.2"/>
    <property name="com.zaxxer.hikari.pool_number" value="1"/>
    <property name="java.version" value="17.0.10"/>
    <property name="user.dir" value="C:\Users\mtrujillo\OneDrive - ENDAVA\Documents\Study\service-product"/>
    <property name="os.arch" value="amd64"/>
    <property name="java.vm.specification.name" value="Java Virtual Machine Specification"/>
    <property name="PID" value="28144"/>
    <property name="sun.os.patch.level" value=""/>
    <property name="CONSOLE_LOG_CHARSET" value="windows-1252"/>
    <property name="native.encoding" value="Cp1252"/>
    <property name="java.library.path" value="C:\Program Files\Java\jdk-17\bin;C:\WINDOWS\Sun\Java\bin;C:\WINDOWS\system32;C:\WINDOWS;C:\Program Files\Common Files\Oracle\Java\javapath;C:\WINDOWS\system32;C:\WINDOWS;C:\WINDOWS\System32\Wbem;C:\WINDOWS\System32\WindowsPowerShell\v1.0\;C:\WINDOWS\System32\OpenSSH\;C:\Program Files\Java\jdk-17.0.1\bin;C:\Program Files\maven\apache-maven-3.8.1\bin;C:\Program Files (x86)\dotnet\;C:\Program Files\nodejs\;C:\Program Files\dotnet\;C:\Program Files\Amazon\AWSCLIV2\;C:\Program Files\Rancher Desktop\resources\resources\win32\bin\;C:\Program Files\Rancher Desktop\resources\resources\linux\bin\;C:\Program Files\Git\cmd;C:\Program Files\MySQL\MySQL Shell 8.0\bin\;C:\Users\mtrujillo\AppData\Local\Microsoft\WindowsApps;C:\Users\mtrujillo\AppData\Roaming\npm;C:\Users\mtrujillo\AppData\Local\Programs\Microsoft VS Code\bin;;."/>
    <property name="java.vm.info" value="mixed mode, sharing"/>
    <property name="java.vendor" value="Oracle Corporation"/>
    <property name="java.vm.version" value="17.0.10+11-LTS-240"/>
    <property name="sun.io.unicode.encoding" value="UnicodeLittle"/>
    <property name="java.class.version" value="61.0"/>
  </properties>
  <testcase name="contextLoads" classname="mat.study.store.product.ServiceProductApplicationTests" time="0.868">
    <system-out><![CDATA[[2024-04-05 T 15:58:12.12 Z] &amp#27;[34m[org.springframework.test.context.support.AnnotationConfigContextLoaderUtils]&amp#27;[0;39m &amp#27;[35m[main]&amp#27;[0;39m &amp#27;[1;31m[83]&amp#27;[0;39m &amp#27;[1;36m[INFO ]&amp#27;[0;39m -- Could not detect default configuration classes for test class [mat.study.store.product.ServiceProductApplicationTests]: ServiceProductApplicationTests does not declare any static, non-private, non-final, nested classes annotated with @Configuration.
[2024-04-05 T 15:58:12.12 Z] &amp#27;[34m[org.springframework.boot.test.context.SpringBootTestContextBootstrapper]&amp#27;[0;39m &amp#27;[35m[main]&amp#27;[0;39m &amp#27;[1;31m[248]&amp#27;[0;39m &amp#27;[1;36m[INFO ]&amp#27;[0;39m -- Found @SpringBootConfiguration mat.study.store.product.ServiceProductApplication for test class mat.study.store.product.ServiceProductApplicationTests
 ,---.               ,--.                                                                 ,------.                ,--.     ,---.         ,--.
'   .-' ,---. ,--.--.`--',--,--,  ,---.   ,---. ,---.,--.,--.,--.--. ,---. ,---.  ,-----. |  .--. ' ,---.  ,---.,-'  '-.  /  O  \  ,---. `--'
`.  `-.| .-. ||  .--',--.|      \| .-. | | .--'| .-. |  ||  ||  .--'(  .-'| .-. : '-----' |  '--'.'| .-. :(  .-''-.  .-' |  .-.  || .-. |,--.
.-'    | '-' '|  |   |  ||  ||  |' '-' ' \ `--.' '-' '  ''  '|  |   .-'  `)   --.         |  |\  \ \   --..-'  `) |  |   |  | |  || '-' '|  |
`-----'|  |-' `--'   `--'`--''--'.`-  /   `---' `---' `----' `--'   `----' `----'         `--' '--' `----'`----'  `--'   `--' `--'|  |-' `--'
       `--'                      `---'                                                                                            `--'
[2024-04-05 T 15:58:12.12 Z] &amp#27;[34m[org.hibernate.validator.internal.util.Version]&amp#27;[0;39m &amp#27;[35m[background-preinit]&amp#27;[0;39m &amp#27;[1;31m[21]&amp#27;[0;39m &amp#27;[1;36m[INFO ]&amp#27;[0;39m -- HV000001: Hibernate Validator 8.0.1.Final
[2024-04-05 T 15:58:13.13 Z] &amp#27;[34m[org.springframework.boot.StartupInfoLogger]&amp#27;[0;39m &amp#27;[35m[main]&amp#27;[0;39m &amp#27;[1;31m[51]&amp#27;[0;39m &amp#27;[1;36m[INFO ]&amp#27;[0;39m -- Starting ServiceProductApplicationTests using Java 17.0.10 with PID 28144 (started by mtrujillo in C:\Users\mtrujillo\OneDrive - ENDAVA\Documents\Study\service-product)
[2024-04-05 T 15:58:13.13 Z] &amp#27;[34m[org.springframework.boot.SpringApplication]&amp#27;[0;39m &amp#27;[35m[main]&amp#27;[0;39m &amp#27;[1;31m[634]&amp#27;[0;39m &amp#27;[1;36m[INFO ]&amp#27;[0;39m -- No active profile set, falling back to 1 default profile: "default"
[2024-04-05 T 15:58:15.15 Z] &amp#27;[34m[org.springframework.data.repository.config.RepositoryConfigurationDelegate]&amp#27;[0;39m &amp#27;[35m[main]&amp#27;[0;39m &amp#27;[1;31m[138]&amp#27;[0;39m &amp#27;[1;36m[INFO ]&amp#27;[0;39m -- Bootstrapping Spring Data JPA repositories in DEFAULT mode.
[2024-04-05 T 15:58:16.16 Z] &amp#27;[34m[org.springframework.data.repository.config.RepositoryConfigurationDelegate]&amp#27;[0;39m &amp#27;[35m[main]&amp#27;[0;39m &amp#27;[1;31m[208]&amp#27;[0;39m &amp#27;[1;36m[INFO ]&amp#27;[0;39m -- Finished Spring Data repository scanning in 217 ms. Found 3 JPA repository interfaces.
[2024-04-05 T 15:58:17.17 Z] &amp#27;[34m[org.hibernate.jpa.internal.util.LogHelper]&amp#27;[0;39m &amp#27;[35m[main]&amp#27;[0;39m &amp#27;[1;31m[31]&amp#27;[0;39m &amp#27;[1;36m[INFO ]&amp#27;[0;39m -- HHH000204: Processing PersistenceUnitInfo [name: default]
[2024-04-05 T 15:58:17.17 Z] &amp#27;[34m[org.hibernate.Version]&amp#27;[0;39m &amp#27;[35m[main]&amp#27;[0;39m &amp#27;[1;31m[44]&amp#27;[0;39m &amp#27;[1;36m[INFO ]&amp#27;[0;39m -- HHH000412: Hibernate ORM core version 6.2.6.Final
[2024-04-05 T 15:58:17.17 Z] &amp#27;[34m[org.hibernate.cfg.Environment]&amp#27;[0;39m &amp#27;[35m[main]&amp#27;[0;39m &amp#27;[1;31m[191]&amp#27;[0;39m &amp#27;[1;36m[INFO ]&amp#27;[0;39m -- HHH000406: Using bytecode reflection optimizer
[2024-04-05 T 15:58:18.18 Z] &amp#27;[34m[org.hibernate.bytecode.internal.BytecodeProviderInitiator]&amp#27;[0;39m &amp#27;[35m[main]&amp#27;[0;39m &amp#27;[1;31m[53]&amp#27;[0;39m &amp#27;[1;36m[INFO ]&amp#27;[0;39m -- HHH000021: Bytecode provider name : bytebuddy
[2024-04-05 T 15:58:18.18 Z] &amp#27;[34m[org.springframework.orm.jpa.persistenceunit.SpringPersistenceUnitInfo]&amp#27;[0;39m &amp#27;[35m[main]&amp#27;[0;39m &amp#27;[1;31m[87]&amp#27;[0;39m &amp#27;[1;36m[INFO ]&amp#27;[0;39m -- No LoadTimeWeaver setup: ignoring JPA class transformer
[2024-04-05 T 15:58:18.18 Z] &amp#27;[34m[com.zaxxer.hikari.HikariDataSource]&amp#27;[0;39m &amp#27;[35m[main]&amp#27;[0;39m &amp#27;[1;31m[110]&amp#27;[0;39m &amp#27;[1;36m[INFO ]&amp#27;[0;39m -- HikariPool-1 - Starting...
[2024-04-05 T 15:58:18.18 Z] &amp#27;[34m[com.zaxxer.hikari.pool.HikariPool]&amp#27;[0;39m &amp#27;[35m[main]&amp#27;[0;39m &amp#27;[1;31m[565]&amp#27;[0;39m &amp#27;[1;36m[INFO ]&amp#27;[0;39m -- HikariPool-1 - Added connection conn0: url=jdbc:h2:mem:spring-security user=SA
[2024-04-05 T 15:58:18.18 Z] &amp#27;[34m[com.zaxxer.hikari.HikariDataSource]&amp#27;[0;39m &amp#27;[35m[main]&amp#27;[0;39m &amp#27;[1;31m[123]&amp#27;[0;39m &amp#27;[1;36m[INFO ]&amp#27;[0;39m -- HikariPool-1 - Start completed.
[2024-04-05 T 15:58:19.19 Z] &amp#27;[34m[org.hibernate.bytecode.internal.BytecodeProviderInitiator]&amp#27;[0;39m &amp#27;[35m[main]&amp#27;[0;39m &amp#27;[1;31m[53]&amp#27;[0;39m &amp#27;[1;36m[INFO ]&amp#27;[0;39m -- HHH000021: Bytecode provider name : bytebuddy
[2024-04-05 T 15:58:19.19 Z] &amp#27;[34m[org.hibernate.engine.transaction.jta.platform.internal.JtaPlatformInitiator]&amp#27;[0;39m &amp#27;[35m[main]&amp#27;[0;39m &amp#27;[1;31m[51]&amp#27;[0;39m &amp#27;[1;36m[INFO ]&amp#27;[0;39m -- HHH000490: Using JtaPlatform implementation: [org.hibernate.engine.transaction.jta.platform.internal.NoJtaPlatform]
[2024-04-05 T 15:58:20.20 Z] &amp#27;[34m[org.springframework.orm.jpa.AbstractEntityManagerFactoryBean]&amp#27;[0;39m &amp#27;[35m[main]&amp#27;[0;39m &amp#27;[1;31m[437]&amp#27;[0;39m &amp#27;[1;36m[INFO ]&amp#27;[0;39m -- Initialized JPA EntityManagerFactory for persistence unit 'default'
[2024-04-05 T 15:58:21.21 Z] &amp#27;[34m[org.springframework.data.jpa.repository.query.QueryEnhancerFactory]&amp#27;[0;39m &amp#27;[35m[main]&amp#27;[0;39m &amp#27;[1;31m[47]&amp#27;[0;39m &amp#27;[1;36m[INFO ]&amp#27;[0;39m -- Hibernate is in classpath; If applicable, HQL parser will be used.
[2024-04-05 T 15:58:23.23 Z] &amp#27;[34m[org.springframework.boot.actuate.endpoint.web.EndpointLinksResolver]&amp#27;[0;39m &amp#27;[35m[main]&amp#27;[0;39m &amp#27;[1;31m[58]&amp#27;[0;39m &amp#27;[1;36m[INFO ]&amp#27;[0;39m -- Exposing 13 endpoint(s) beneath base path '/actuator'
[2024-04-05 T 15:58:24.24 Z] &amp#27;[31m[org.springframework.boot.autoconfigure.orm.jpa.JpaBaseConfiguration$JpaWebConfiguration]&amp#27;[0;39m &amp#27;[35m[main]&amp#27;[0;39m &amp#27;[1;31m[231]&amp#27;[0;39m &amp#27;[1;36m[WARN ]&amp#27;[0;39m -- spring.jpa.open-in-view is enabled by default. Therefore, database queries may be performed during view rendering. Explicitly configure spring.jpa.open-in-view to disable this warning
[2024-04-05 T 15:58:24.24 Z] &amp#27;[34m[org.springframework.security.web.DefaultSecurityFilterChain]&amp#27;[0;39m &amp#27;[35m[main]&amp#27;[0;39m &amp#27;[1;31m[54]&amp#27;[0;39m &amp#27;[1;36m[INFO ]&amp#27;[0;39m -- Will secure any request with [org.springframework.security.web.session.DisableEncodeUrlFilter@330f3046, org.springframework.security.web.context.request.async.WebAsyncManagerIntegrationFilter@37a2d18c, org.springframework.security.web.context.SecurityContextHolderFilter@7a62e096, org.springframework.security.web.header.HeaderWriterFilter@3d7d72f2, org.springframework.security.web.authentication.logout.LogoutFilter@401b7109, mat.study.store.product.filter.JwtAuthenticationFilter@1cc878e6, org.springframework.security.web.savedrequest.RequestCacheAwareFilter@478d1193, org.springframework.security.web.servletapi.SecurityContextHolderAwareRequestFilter@69a8617c, org.springframework.security.web.authentication.AnonymousAuthenticationFilter@4b6e296a, org.springframework.security.web.session.SessionManagementFilter@521d455c, org.springframework.security.web.access.ExceptionTranslationFilter@618c387d, org.springframework.security.web.access.intercept.AuthorizationFilter@779e66e5]
[2024-04-05 T 15:58:26.26 Z] &amp#27;[34m[org.springframework.boot.autoconfigure.h2.H2ConsoleAutoConfiguration]&amp#27;[0;39m &amp#27;[35m[main]&amp#27;[0;39m &amp#27;[1;31m[88]&amp#27;[0;39m &amp#27;[1;36m[INFO ]&amp#27;[0;39m -- H2 console available at '/h2-console'. Database available at 'jdbc:h2:mem:spring-security'
[2024-04-05 T 15:58:27.27 Z] &amp#27;[34m[org.springframework.boot.StartupInfoLogger]&amp#27;[0;39m &amp#27;[35m[main]&amp#27;[0;39m &amp#27;[1;31m[57]&amp#27;[0;39m &amp#27;[1;36m[INFO ]&amp#27;[0;39m -- Started ServiceProductApplicationTests in 14.678 seconds (process running for 16.721)
[2024-04-05 T 15:58:27.27 Z] &amp#27;[1;31m[org.springframework.scheduling.support.TaskUtils$LoggingErrorHandler]&amp#27;[0;39m &amp#27;[35m[registrationTask1]&amp#27;[0;39m &amp#27;[1;31m[95]&amp#27;[0;39m &amp#27;[1;36m[ERROR]&amp#27;[0;39m -- Unexpected error occurred in scheduled task
java.lang.IllegalStateException: couldn't determine local port. Please set spring.boot.admin.client.instance.service-base-url.
	at de.codecentric.boot.admin.client.registration.DefaultApplicationFactory.getLocalServerPort(DefaultApplicationFactory.java:205)
	at de.codecentric.boot.admin.client.registration.DefaultApplicationFactory.getServiceBaseUrl(DefaultApplicationFactory.java:109)
	at de.codecentric.boot.admin.client.registration.ServletApplicationFactory.getServiceUrl(ServletApplicationFactory.java:62)
	at de.codecentric.boot.admin.client.registration.DefaultApplicationFactory.createApplication(DefaultApplicationFactory.java:82)
	at de.codecentric.boot.admin.client.registration.DefaultApplicationRegistrator.register(DefaultApplicationRegistrator.java:56)
	at org.springframework.scheduling.support.DelegatingErrorHandlingRunnable.run(DelegatingErrorHandlingRunnable.java:54)
	at java.base/java.util.concurrent.Executors$RunnableAdapter.call(Executors.java:539)
	at java.base/java.util.concurrent.FutureTask.runAndReset(FutureTask.java:305)
	at java.base/java.util.concurrent.ScheduledThreadPoolExecutor$ScheduledFutureTask.run(ScheduledThreadPoolExecutor.java:305)
	at java.base/java.util.concurrent.ThreadPoolExecutor.runWorker(ThreadPoolExecutor.java:1136)
	at java.base/java.util.concurrent.ThreadPoolExecutor$Worker.run(ThreadPoolExecutor.java:635)
	at java.base/java.lang.Thread.run(Thread.java:842)
]]></system-out>
  </testcase>
</testsuite>